<?xml version="1.0" encoding="UTF-8"?>
<!-- Generated by org.testng.reporters.JUnitXMLReporter -->
<testsuite ignored="0" hostname="Reema" failures="0" tests="3" name="Default test" time="11.732" errors="0" timestamp="2024-03-15T19:05:47 GST">
  <testcase classname="com.sevenrmartsupermarket.tests.LoginwithDataproviders" name="verifyLoginWithDifferntAdminUsers" time="0.744"/>
  <testcase classname="com.sevenrmartsupermarket.tests.LoginwithDataproviders" name="verifyLoginWithDifferntAdminUsers" time="0.583"/>
  <testcase classname="com.sevenrmartsupermarket.tests.LoginwithDataproviders" name="verifyLoginWithDifferntAdminUsers" time="0.439"/>
</testsuite> <!-- Default test -->
