<?xml version="1.0" encoding="UTF-8"?>
<testng-results ignored="0" total="1" passed="1" failed="0" skipped="0">
  <reporter-output>
  </reporter-output>
  <suite started-at="2024-03-13T17:49:07 GST" name="Default suite" finished-at="2024-03-13T17:49:15 GST" duration-ms="7126">
    <groups>
    </groups>
    <test started-at="2024-03-13T17:49:07 GST" name="Default test" finished-at="2024-03-13T17:49:15 GST" duration-ms="7126">
      <class name="com.sevenrmartsupermarket.tests.ManageSliderTest">
        <test-method is-config="true" signature="launchBrowser()[pri:0, instance:com.sevenrmartsupermarket.tests.ManageSliderTest@609e8838]" started-at="2024-03-13T17:49:07 GST" name="launchBrowser" finished-at="2024-03-13T17:49:13 GST" duration-ms="5242" status="PASS">
          <reporter-output>
          </reporter-output>
        </test-method> <!-- launchBrowser -->
        <test-method signature="VerifyManageSliderInfo()[pri:0, instance:com.sevenrmartsupermarket.tests.ManageSliderTest@609e8838]" started-at="2024-03-13T17:49:13 GST" name="VerifyManageSliderInfo" finished-at="2024-03-13T17:49:15 GST" duration-ms="1813" status="PASS">
          <reporter-output>
          </reporter-output>
        </test-method> <!-- VerifyManageSliderInfo -->
        <test-method is-config="true" signature="terminatSession(org.testng.ITestResult)[pri:0, instance:com.sevenrmartsupermarket.tests.ManageSliderTest@609e8838]" started-at="2024-03-13T17:49:15 GST" name="terminatSession" finished-at="2024-03-13T17:49:15 GST" duration-ms="1" status="PASS">
          <params>
            <param index="0">
              <value>
                <![CDATA[[TestResult name=VerifyManageSliderInfo status=SUCCESS method=ManageSliderTest.VerifyManageSliderInfo()[pri:0, instance:com.sevenrmartsupermarket.tests.ManageSliderTest@609e8838] output={null}]]]>
              </value>
            </param>
          </params>
          <reporter-output>
          </reporter-output>
        </test-method> <!-- terminatSession -->
      </class> <!-- com.sevenrmartsupermarket.tests.ManageSliderTest -->
    </test> <!-- Default test -->
  </suite> <!-- Default suite -->
</testng-results>
